2019-01-28 10:28:01,139 [Worker-2: Loading available Gradle versions] INFO  c.g.t.t.d.PublishedGradleVersions - Gradle version information cache is out-of-date. Trying to update.
2019-01-28 10:36:20,923 [Worker-6: Creating maven-archetype-quickstart] INFO  o.e.m.c.i.p.ProjectConfigurationManager - Collecting project info '/pom.xml' /Users/smoorkothkayath/Api-AutomationTests/TheMovieDBAPI/pom.xml
2019-01-28 10:36:22,071 [Worker-6: Creating maven-archetype-quickstart] INFO  o.e.m.c.i.l.LifecycleMappingFactory - Using org.eclipse.m2e.jdt.JarLifecycleMapping lifecycle mapping for MavenProject: MovieDBAPI:TheMovieDBAPI:0.0.1-SNAPSHOT @ /Users/smoorkothkayath/Api-AutomationTests/TheMovieDBAPI/pom.xml.
2019-01-28 10:36:22,314 [Worker-6: Creating maven-archetype-quickstart] INFO  o.e.m.j.i.AbstractJavaProjectConfigurator - Adding source folder /TheMovieDBAPI/src/main/java
2019-01-28 10:36:22,316 [Worker-6: Creating maven-archetype-quickstart] INFO  o.e.m.j.i.AbstractJavaProjectConfigurator - Adding source folder /TheMovieDBAPI/src/test/java
2019-01-28 10:36:24,279 [Worker-6: Creating maven-archetype-quickstart] INFO  o.e.m.c.i.p.ProjectConfigurationManager - Imported and configured 1 project(s) in 3 sec
2019-01-28 10:36:25,349 [Worker-20: Building workspace] INFO  o.e.m.c.i.embedder.EclipseLogger - Using 'UTF-8' encoding to copy filtered resources.
2019-01-28 10:36:25,350 [Worker-20: Building workspace] INFO  o.e.m.c.i.embedder.EclipseLogger - skip non existing resourceDirectory /Users/smoorkothkayath/Api-AutomationTests/TheMovieDBAPI/src/main/resources
2019-01-28 10:36:25,352 [Worker-20: Building workspace] INFO  o.e.m.c.i.embedder.EclipseLogger - Using 'UTF-8' encoding to copy filtered resources.
2019-01-28 10:36:25,352 [Worker-20: Building workspace] INFO  o.e.m.c.i.embedder.EclipseLogger - skip non existing resourceDirectory /Users/smoorkothkayath/Api-AutomationTests/TheMovieDBAPI/src/test/resources
2019-01-28 14:02:12,707 [Worker-32: Building workspace] INFO  o.e.m.c.i.l.LifecycleMappingFactory - Using org.eclipse.m2e.jdt.JarLifecycleMapping lifecycle mapping for MavenProject: MovieDBAPI:TheMovieDBAPI:0.0.1-SNAPSHOT @ /Users/smoorkothkayath/Api-AutomationTests/TheMovieDBAPI/pom.xml.
2019-01-28 14:02:13,119 [Worker-32: Building workspace] INFO  o.e.m.c.i.e.AbstractTransferListenerAdapter - Downloading https://repo.maven.apache.org/maven2/com/jayway/restassured/rest-assured/2.9.0/rest-assured-2.9.0.pom
2019-01-28 14:02:13,154 [Worker-32: Building workspace] INFO  o.e.m.c.i.e.AbstractTransferListenerAdapter - Downloaded https://repo.maven.apache.org/maven2/com/jayway/restassured/rest-assured/2.9.0/rest-assured-2.9.0.pom
2019-01-28 14:02:13,185 [Worker-32: Building workspace] INFO  o.e.m.c.i.e.AbstractTransferListenerAdapter - Downloading https://repo.maven.apache.org/maven2/com/jayway/restassured/rest-assured-parent/2.9.0/rest-assured-parent-2.9.0.pom
2019-01-28 14:02:13,266 [Worker-32: Building workspace] INFO  o.e.m.c.i.e.AbstractTransferListenerAdapter - Downloaded https://repo.maven.apache.org/maven2/com/jayway/restassured/rest-assured-parent/2.9.0/rest-assured-parent-2.9.0.pom
2019-01-28 14:02:13,306 [Worker-32: Building workspace] INFO  o.e.m.c.i.e.AbstractTransferListenerAdapter - Downloading https://repo.maven.apache.org/maven2/org/sonatype/oss/oss-parent/5/oss-parent-5.pom
2019-01-28 14:02:13,332 [Worker-32: Building workspace] INFO  o.e.m.c.i.e.AbstractTransferListenerAdapter - Downloaded https://repo.maven.apache.org/maven2/org/sonatype/oss/oss-parent/5/oss-parent-5.pom
2019-01-28 14:02:13,358 [Worker-32: Building workspace] INFO  o.e.m.c.i.e.AbstractTransferListenerAdapter - Downloading https://repo.maven.apache.org/maven2/org/codehaus/groovy/groovy/2.4.4/groovy-2.4.4.pom
2019-01-28 14:02:13,391 [Worker-32: Building workspace] INFO  o.e.m.c.i.e.AbstractTransferListenerAdapter - Downloaded https://repo.maven.apache.org/maven2/org/codehaus/groovy/groovy/2.4.4/groovy-2.4.4.pom
2019-01-28 14:02:13,414 [Worker-32: Building workspace] INFO  o.e.m.c.i.e.AbstractTransferListenerAdapter - Downloading https://repo.maven.apache.org/maven2/org/codehaus/groovy/groovy-xml/2.4.4/groovy-xml-2.4.4.pom
2019-01-28 14:02:13,440 [Worker-32: Building workspace] INFO  o.e.m.c.i.e.AbstractTransferListenerAdapter - Downloaded https://repo.maven.apache.org/maven2/org/codehaus/groovy/groovy-xml/2.4.4/groovy-xml-2.4.4.pom
2019-01-28 14:02:13,569 [Worker-32: Building workspace] INFO  o.e.m.c.i.e.AbstractTransferListenerAdapter - Downloading https://repo.maven.apache.org/maven2/org/apache/httpcomponents/httpmime/4.5.1/httpmime-4.5.1.pom
2019-01-28 14:02:13,602 [Worker-32: Building workspace] INFO  o.e.m.c.i.e.AbstractTransferListenerAdapter - Downloaded https://repo.maven.apache.org/maven2/org/apache/httpcomponents/httpmime/4.5.1/httpmime-4.5.1.pom
2019-01-28 14:02:13,649 [Worker-32: Building workspace] INFO  o.e.m.c.i.e.AbstractTransferListenerAdapter - Downloading https://repo.maven.apache.org/maven2/org/ccil/cowan/tagsoup/tagsoup/1.2.1/tagsoup-1.2.1.pom
2019-01-28 14:02:13,887 [Worker-32: Building workspace] INFO  o.e.m.c.i.e.AbstractTransferListenerAdapter - Downloaded https://repo.maven.apache.org/maven2/org/ccil/cowan/tagsoup/tagsoup/1.2.1/tagsoup-1.2.1.pom
2019-01-28 14:02:13,912 [Worker-32: Building workspace] INFO  o.e.m.c.i.e.AbstractTransferListenerAdapter - Downloading https://repo.maven.apache.org/maven2/com/jayway/restassured/json-path/2.9.0/json-path-2.9.0.pom
2019-01-28 14:02:13,932 [Worker-32: Building workspace] INFO  o.e.m.c.i.e.AbstractTransferListenerAdapter - Downloaded https://repo.maven.apache.org/maven2/com/jayway/restassured/json-path/2.9.0/json-path-2.9.0.pom
2019-01-28 14:02:13,955 [Worker-32: Building workspace] INFO  o.e.m.c.i.e.AbstractTransferListenerAdapter - Downloading https://repo.maven.apache.org/maven2/org/codehaus/groovy/groovy-json/2.4.4/groovy-json-2.4.4.pom
2019-01-28 14:02:13,985 [Worker-32: Building workspace] INFO  o.e.m.c.i.e.AbstractTransferListenerAdapter - Downloaded https://repo.maven.apache.org/maven2/org/codehaus/groovy/groovy-json/2.4.4/groovy-json-2.4.4.pom
2019-01-28 14:02:14,009 [Worker-32: Building workspace] INFO  o.e.m.c.i.e.AbstractTransferListenerAdapter - Downloading https://repo.maven.apache.org/maven2/com/jayway/restassured/rest-assured-common/2.9.0/rest-assured-common-2.9.0.pom
2019-01-28 14:02:14,034 [Worker-32: Building workspace] INFO  o.e.m.c.i.e.AbstractTransferListenerAdapter - Downloaded https://repo.maven.apache.org/maven2/com/jayway/restassured/rest-assured-common/2.9.0/rest-assured-common-2.9.0.pom
2019-01-28 14:02:14,058 [Worker-32: Building workspace] INFO  o.e.m.c.i.e.AbstractTransferListenerAdapter - Downloading https://repo.maven.apache.org/maven2/org/apache/commons/commons-lang3/3.3.2/commons-lang3-3.3.2.pom
2019-01-28 14:02:14,088 [Worker-32: Building workspace] INFO  o.e.m.c.i.e.AbstractTransferListenerAdapter - Downloaded https://repo.maven.apache.org/maven2/org/apache/commons/commons-lang3/3.3.2/commons-lang3-3.3.2.pom
2019-01-28 14:02:14,128 [Worker-32: Building workspace] INFO  o.e.m.c.i.e.AbstractTransferListenerAdapter - Downloading https://repo.maven.apache.org/maven2/com/jayway/restassured/xml-path/2.9.0/xml-path-2.9.0.pom
2019-01-28 14:02:14,150 [Worker-32: Building workspace] INFO  o.e.m.c.i.e.AbstractTransferListenerAdapter - Downloaded https://repo.maven.apache.org/maven2/com/jayway/restassured/xml-path/2.9.0/xml-path-2.9.0.pom
2019-01-28 14:02:14,192 [Worker-32: Building workspace] INFO  o.e.m.c.i.e.AbstractTransferListenerAdapter - Downloading https://repo.maven.apache.org/maven2/com/jayway/restassured/rest-assured/2.9.0/rest-assured-2.9.0.jar
2019-01-28 14:02:14,396 [Worker-32: Building workspace] INFO  o.e.m.c.i.e.AbstractTransferListenerAdapter - Downloaded https://repo.maven.apache.org/maven2/com/jayway/restassured/rest-assured/2.9.0/rest-assured-2.9.0.jar
2019-01-28 14:02:14,421 [Worker-32: Building workspace] INFO  o.e.m.c.i.e.AbstractTransferListenerAdapter - Downloading https://repo.maven.apache.org/maven2/org/codehaus/groovy/groovy/2.4.4/groovy-2.4.4.jar
2019-01-28 14:02:15,035 [Worker-32: Building workspace] INFO  o.e.m.c.i.e.AbstractTransferListenerAdapter - Downloaded https://repo.maven.apache.org/maven2/org/codehaus/groovy/groovy/2.4.4/groovy-2.4.4.jar
2019-01-28 14:02:15,059 [Worker-32: Building workspace] INFO  o.e.m.c.i.e.AbstractTransferListenerAdapter - Downloading https://repo.maven.apache.org/maven2/org/codehaus/groovy/groovy-xml/2.4.4/groovy-xml-2.4.4.jar
2019-01-28 14:02:15,106 [Worker-32: Building workspace] INFO  o.e.m.c.i.e.AbstractTransferListenerAdapter - Downloaded https://repo.maven.apache.org/maven2/org/codehaus/groovy/groovy-xml/2.4.4/groovy-xml-2.4.4.jar
2019-01-28 14:02:15,130 [Worker-32: Building workspace] INFO  o.e.m.c.i.e.AbstractTransferListenerAdapter - Downloading https://repo.maven.apache.org/maven2/org/apache/httpcomponents/httpclient/4.5.1/httpclient-4.5.1.jar
2019-01-28 14:02:15,407 [Worker-32: Building workspace] INFO  o.e.m.c.i.e.AbstractTransferListenerAdapter - Downloaded https://repo.maven.apache.org/maven2/org/apache/httpcomponents/httpclient/4.5.1/httpclient-4.5.1.jar
2019-01-28 14:02:15,428 [Worker-32: Building workspace] INFO  o.e.m.c.i.e.AbstractTransferListenerAdapter - Downloading https://repo.maven.apache.org/maven2/org/apache/httpcomponents/httpcore/4.4.3/httpcore-4.4.3.jar
2019-01-28 14:02:15,492 [Worker-32: Building workspace] INFO  o.e.m.c.i.e.AbstractTransferListenerAdapter - Downloaded https://repo.maven.apache.org/maven2/org/apache/httpcomponents/httpcore/4.4.3/httpcore-4.4.3.jar
2019-01-28 14:02:15,513 [Worker-32: Building workspace] INFO  o.e.m.c.i.e.AbstractTransferListenerAdapter - Downloading https://repo.maven.apache.org/maven2/org/apache/httpcomponents/httpmime/4.5.1/httpmime-4.5.1.jar
2019-01-28 14:02:15,536 [Worker-32: Building workspace] INFO  o.e.m.c.i.e.AbstractTransferListenerAdapter - Downloaded https://repo.maven.apache.org/maven2/org/apache/httpcomponents/httpmime/4.5.1/httpmime-4.5.1.jar
2019-01-28 14:02:15,557 [Worker-32: Building workspace] INFO  o.e.m.c.i.e.AbstractTransferListenerAdapter - Downloading https://repo.maven.apache.org/maven2/org/hamcrest/hamcrest-library/1.3/hamcrest-library-1.3.jar
2019-01-28 14:02:15,588 [Worker-32: Building workspace] INFO  o.e.m.c.i.e.AbstractTransferListenerAdapter - Downloaded https://repo.maven.apache.org/maven2/org/hamcrest/hamcrest-library/1.3/hamcrest-library-1.3.jar
2019-01-28 14:02:15,607 [Worker-32: Building workspace] INFO  o.e.m.c.i.e.AbstractTransferListenerAdapter - Downloading https://repo.maven.apache.org/maven2/org/ccil/cowan/tagsoup/tagsoup/1.2.1/tagsoup-1.2.1.jar
2019-01-28 14:02:15,637 [Worker-32: Building workspace] INFO  o.e.m.c.i.e.AbstractTransferListenerAdapter - Downloaded https://repo.maven.apache.org/maven2/org/ccil/cowan/tagsoup/tagsoup/1.2.1/tagsoup-1.2.1.jar
2019-01-28 14:02:15,662 [Worker-32: Building workspace] INFO  o.e.m.c.i.e.AbstractTransferListenerAdapter - Downloading https://repo.maven.apache.org/maven2/com/jayway/restassured/json-path/2.9.0/json-path-2.9.0.jar
2019-01-28 14:02:15,687 [Worker-32: Building workspace] INFO  o.e.m.c.i.e.AbstractTransferListenerAdapter - Downloaded https://repo.maven.apache.org/maven2/com/jayway/restassured/json-path/2.9.0/json-path-2.9.0.jar
2019-01-28 14:02:15,705 [Worker-32: Building workspace] INFO  o.e.m.c.i.e.AbstractTransferListenerAdapter - Downloading https://repo.maven.apache.org/maven2/org/codehaus/groovy/groovy-json/2.4.4/groovy-json-2.4.4.jar
2019-01-28 14:02:15,738 [Worker-32: Building workspace] INFO  o.e.m.c.i.e.AbstractTransferListenerAdapter - Downloaded https://repo.maven.apache.org/maven2/org/codehaus/groovy/groovy-json/2.4.4/groovy-json-2.4.4.jar
2019-01-28 14:02:15,770 [Worker-32: Building workspace] INFO  o.e.m.c.i.e.AbstractTransferListenerAdapter - Downloading https://repo.maven.apache.org/maven2/com/jayway/restassured/rest-assured-common/2.9.0/rest-assured-common-2.9.0.jar
2019-01-28 14:02:15,791 [Worker-32: Building workspace] INFO  o.e.m.c.i.e.AbstractTransferListenerAdapter - Downloaded https://repo.maven.apache.org/maven2/com/jayway/restassured/rest-assured-common/2.9.0/rest-assured-common-2.9.0.jar
2019-01-28 14:02:15,811 [Worker-32: Building workspace] INFO  o.e.m.c.i.e.AbstractTransferListenerAdapter - Downloading https://repo.maven.apache.org/maven2/com/jayway/restassured/xml-path/2.9.0/xml-path-2.9.0.jar
2019-01-28 14:02:15,836 [Worker-32: Building workspace] INFO  o.e.m.c.i.e.AbstractTransferListenerAdapter - Downloaded https://repo.maven.apache.org/maven2/com/jayway/restassured/xml-path/2.9.0/xml-path-2.9.0.jar
2019-01-28 14:02:15,856 [Worker-32: Building workspace] INFO  o.e.m.c.i.e.AbstractTransferListenerAdapter - Downloading https://repo.maven.apache.org/maven2/org/apache/commons/commons-lang3/3.3.2/commons-lang3-3.3.2.jar
2019-01-28 14:02:15,925 [Worker-32: Building workspace] INFO  o.e.m.c.i.e.AbstractTransferListenerAdapter - Downloaded https://repo.maven.apache.org/maven2/org/apache/commons/commons-lang3/3.3.2/commons-lang3-3.3.2.jar
2019-01-28 14:02:16,603 [Worker-32: Building workspace] INFO  o.e.m.c.i.embedder.EclipseLogger - Using 'UTF-8' encoding to copy filtered resources.
2019-01-28 14:02:16,603 [Worker-32: Building workspace] INFO  o.e.m.c.i.embedder.EclipseLogger - skip non existing resourceDirectory /Users/smoorkothkayath/Api-AutomationTests/TheMovieDBAPI/src/main/resources
2019-01-28 14:02:16,605 [Worker-32: Building workspace] INFO  o.e.m.c.i.embedder.EclipseLogger - Using 'UTF-8' encoding to copy filtered resources.
2019-01-28 14:02:16,606 [Worker-32: Building workspace] INFO  o.e.m.c.i.embedder.EclipseLogger - skip non existing resourceDirectory /Users/smoorkothkayath/Api-AutomationTests/TheMovieDBAPI/src/test/resources
2019-01-28 14:02:17,946 [Worker-29: Building workspace] INFO  o.e.m.c.i.embedder.EclipseLogger - Using 'UTF-8' encoding to copy filtered resources.
2019-01-28 14:02:17,946 [Worker-29: Building workspace] INFO  o.e.m.c.i.embedder.EclipseLogger - skip non existing resourceDirectory /Users/smoorkothkayath/Api-AutomationTests/TheMovieDBAPI/src/main/resources
2019-01-28 14:02:17,948 [Worker-29: Building workspace] INFO  o.e.m.c.i.embedder.EclipseLogger - Using 'UTF-8' encoding to copy filtered resources.
2019-01-28 14:02:17,948 [Worker-29: Building workspace] INFO  o.e.m.c.i.embedder.EclipseLogger - skip non existing resourceDirectory /Users/smoorkothkayath/Api-AutomationTests/TheMovieDBAPI/src/test/resources
2019-01-28 14:03:00,165 [Worker-30: Building workspace] INFO  o.e.m.c.i.l.LifecycleMappingFactory - Using org.eclipse.m2e.jdt.JarLifecycleMapping lifecycle mapping for MavenProject: MovieDBAPI:TheMovieDBAPI:0.0.1-SNAPSHOT @ /Users/smoorkothkayath/Api-AutomationTests/TheMovieDBAPI/pom.xml.
2019-01-28 14:03:00,410 [Worker-30: Building workspace] INFO  o.e.m.c.i.embedder.EclipseLogger - Using 'UTF-8' encoding to copy filtered resources.
2019-01-28 14:03:00,411 [Worker-30: Building workspace] INFO  o.e.m.c.i.embedder.EclipseLogger - skip non existing resourceDirectory /Users/smoorkothkayath/Api-AutomationTests/TheMovieDBAPI/src/main/resources
2019-01-28 14:03:00,413 [Worker-30: Building workspace] INFO  o.e.m.c.i.embedder.EclipseLogger - Using 'UTF-8' encoding to copy filtered resources.
2019-01-28 14:03:00,414 [Worker-30: Building workspace] INFO  o.e.m.c.i.embedder.EclipseLogger - skip non existing resourceDirectory /Users/smoorkothkayath/Api-AutomationTests/TheMovieDBAPI/src/test/resources
2019-01-28 14:03:01,600 [Worker-30: Building workspace] INFO  o.e.m.c.i.embedder.EclipseLogger - Using 'UTF-8' encoding to copy filtered resources.
2019-01-28 14:03:01,600 [Worker-30: Building workspace] INFO  o.e.m.c.i.embedder.EclipseLogger - skip non existing resourceDirectory /Users/smoorkothkayath/Api-AutomationTests/TheMovieDBAPI/src/main/resources
2019-01-28 14:03:01,602 [Worker-30: Building workspace] INFO  o.e.m.c.i.embedder.EclipseLogger - Using 'UTF-8' encoding to copy filtered resources.
2019-01-28 14:03:01,603 [Worker-30: Building workspace] INFO  o.e.m.c.i.embedder.EclipseLogger - skip non existing resourceDirectory /Users/smoorkothkayath/Api-AutomationTests/TheMovieDBAPI/src/test/resources
2019-01-28 14:42:48,971 [Worker-35: Building workspace] INFO  o.e.m.c.i.embedder.EclipseLogger - Using 'UTF-8' encoding to copy filtered resources.
2019-01-28 14:42:48,971 [Worker-35: Building workspace] INFO  o.e.m.c.i.embedder.EclipseLogger - skip non existing resourceDirectory /Users/smoorkothkayath/Api-AutomationTests/TheMovieDBAPI/src/main/resources
2019-01-28 14:42:48,973 [Worker-35: Building workspace] INFO  o.e.m.c.i.embedder.EclipseLogger - Using 'UTF-8' encoding to copy filtered resources.
2019-01-28 14:42:48,973 [Worker-35: Building workspace] INFO  o.e.m.c.i.embedder.EclipseLogger - skip non existing resourceDirectory /Users/smoorkothkayath/Api-AutomationTests/TheMovieDBAPI/src/test/resources
2019-01-28 14:42:49,995 [Worker-35: Building workspace] INFO  o.e.m.c.i.embedder.EclipseLogger - Using 'UTF-8' encoding to copy filtered resources.
2019-01-28 14:42:49,995 [Worker-35: Building workspace] INFO  o.e.m.c.i.embedder.EclipseLogger - skip non existing resourceDirectory /Users/smoorkothkayath/Api-AutomationTests/TheMovieDBAPI/src/main/resources
2019-01-28 14:42:49,997 [Worker-35: Building workspace] INFO  o.e.m.c.i.embedder.EclipseLogger - Using 'UTF-8' encoding to copy filtered resources.
2019-01-28 14:42:49,997 [Worker-35: Building workspace] INFO  o.e.m.c.i.embedder.EclipseLogger - skip non existing resourceDirectory /Users/smoorkothkayath/Api-AutomationTests/TheMovieDBAPI/src/test/resources
2019-01-28 14:48:29,549 [Worker-37: Building workspace] INFO  o.e.m.c.i.embedder.EclipseLogger - Using 'UTF-8' encoding to copy filtered resources.
2019-01-28 14:48:29,550 [Worker-37: Building workspace] INFO  o.e.m.c.i.embedder.EclipseLogger - skip non existing resourceDirectory /Users/smoorkothkayath/Api-AutomationTests/TheMovieDBAPI/src/main/resources
2019-01-28 14:48:29,551 [Worker-37: Building workspace] INFO  o.e.m.c.i.embedder.EclipseLogger - Using 'UTF-8' encoding to copy filtered resources.
2019-01-28 14:48:29,552 [Worker-37: Building workspace] INFO  o.e.m.c.i.embedder.EclipseLogger - skip non existing resourceDirectory /Users/smoorkothkayath/Api-AutomationTests/TheMovieDBAPI/src/test/resources
